Build started 11/22/2015 7:18:51 AM.
     1>Project "D:\development\NovaEra\_windows\SDLTutorialRenderer\SDLTutorialRenderer\SDLTutorialRenderer.vcxproj" on node 2 (Build target(s)).
     1>ClCompile:
         D:\Program Files (x86)\Microsoft Visual Studio 11.0\VC\bin\CL.exe /c /ZI /nologo /W3 /WX- /sdl /Od /Oy- /D _MBCS /D _MBCS /D CURL_STATICLIB /D _CRT_SECURE_NO_WARNINGS /Gm /EHsc /RTC1 /MD /GS /fp:precise /Zc:wchar_t /Zc:forScope /Fo"Debug\\" /Fd"Debug\vc110.pdb" /Gd /TP /analyze- /errorReport:prompt ..\..\..\SDLTutorial\Renderer.cpp ..\..\..\dicom\dicomdictionary.cpp ..\..\..\utils\btreechar.cpp
         Renderer.cpp
         Generating Code...
         Compiling...
         btreechar.cpp
         dicomdictionary.cpp
         Generating Code...
       Link:
         D:\Program Files (x86)\Microsoft Visual Studio 11.0\VC\bin\link.exe /ERRORREPORT:PROMPT /OUT:"D:\development\NovaEra\_windows\SDLTutorialRenderer\Debug\SDLTutorialRenderer.exe" /INCREMENTAL /NOLOGO SDL2.lib SDL2main.lib SDL2_image.lib kernel32.lib user32.lib gdi32.lib winspool.lib comdlg32.lib advapi32.lib shell32.lib ole32.lib oleaut32.lib uuid.lib odbc32.lib odbccp32.lib libcurl_a.lib /MANIFEST /MANIFESTUAC:"level='asInvoker' uiAccess='false'" /manifest:embed /DEBUG /PDB:"D:\development\NovaEra\_windows\SDLTutorialRenderer\Debug\SDLTutorialRenderer.pdb" /SUBSYSTEM:CONSOLE /TLBID:1 /DYNAMICBASE /NXCOMPAT /IMPLIB:"D:\development\NovaEra\_windows\SDLTutorialRenderer\Debug\SDLTutorialRenderer.lib" /MACHINE:X86 Debug\dicom.obj
         Debug\dicomdictionary.obj
         Debug\Renderer.obj
         Debug\btree.obj
         Debug\btreechar.obj
         Debug\utils.obj
         SDLTutorialRenderer.vcxproj -> D:\development\NovaEra\_windows\SDLTutorialRenderer\Debug\SDLTutorialRenderer.exe
       PostBuildEvent:
         xcopy /d /y "D:\development\NovaEra\_windows\SDLTutorialRenderer\SDLTutorialRenderer\dlls\*.*" "D:\development\NovaEra\_windows\SDLTutorialRenderer\Debug\"
         :VCEnd
         0 File(s) copied
     1>Done Building Project "D:\development\NovaEra\_windows\SDLTutorialRenderer\SDLTutorialRenderer\SDLTutorialRenderer.vcxproj" (Build target(s)).

Build succeeded.

Time Elapsed 00:00:09.54
