D:\DEVELOPMENT\NOVAERA\SDL_TUTORIAL-1\SDL_TUTORIAL-1\DEBUG\STARTING.OBJ
D:\DEVELOPMENT\NOVAERA\SDL_TUTORIAL-1\SDL_TUTORIAL-1\DEBUG\VC110.PDB
D:\DEVELOPMENT\NOVAERA\_WINDOWS\SDL_TUTORIAL-1\SDL_TUTORIAL-1\DEBUG\STARTING.OBJ
D:\DEVELOPMENT\NOVAERA\_WINDOWS\SDL_TUTORIAL-1\SDL_TUTORIAL-1\DEBUG\VC110.PDB
D:\DEVELOPMENT\NOVAERA\SDL_TUTORIAL-1\DEBUG\SDL_TUTORIAL-1.ILK
D:\DEVELOPMENT\NOVAERA\SDL_TUTORIAL-1\DEBUG\SDL_TUTORIAL-1.EXE
D:\DEVELOPMENT\NOVAERA\SDL_TUTORIAL-1\DEBUG\SDL_TUTORIAL-1.PDB
D:\DEVELOPMENT\NOVAERA\_WINDOWS\SDL_TUTORIAL-1\DEBUG\SDL_TUTORIAL-1.ILK
D:\DEVELOPMENT\NOVAERA\_WINDOWS\SDL_TUTORIAL-1\DEBUG\SDL_TUTORIAL-1.EXE
D:\DEVELOPMENT\NOVAERA\_WINDOWS\SDL_TUTORIAL-1\DEBUG\SDL_TUTORIAL-1.PDB
D:\development\NovaEra\_windows\SDL_Tutorial-1\SDL_Tutorial-1\Debug\Starting.obj
D:\development\NovaEra\_windows\SDL_Tutorial-1\SDL_Tutorial-1\Debug\cl.command.1.tlog
D:\development\NovaEra\_windows\SDL_Tutorial-1\SDL_Tutorial-1\Debug\CL.read.1.tlog
D:\development\NovaEra\_windows\SDL_Tutorial-1\SDL_Tutorial-1\Debug\CL.write.1.tlog
D:\development\NovaEra\_windows\SDL_Tutorial-1\SDL_Tutorial-1\Debug\link-cvtres.read.1.tlog
D:\development\NovaEra\_windows\SDL_Tutorial-1\SDL_Tutorial-1\Debug\link-cvtres.write.1.tlog
D:\development\NovaEra\_windows\SDL_Tutorial-1\SDL_Tutorial-1\Debug\link-rc.read.1.tlog
D:\development\NovaEra\_windows\SDL_Tutorial-1\SDL_Tutorial-1\Debug\link-rc.write.1.tlog
D:\development\NovaEra\_windows\SDL_Tutorial-1\SDL_Tutorial-1\Debug\link.command.1.tlog
D:\development\NovaEra\_windows\SDL_Tutorial-1\SDL_Tutorial-1\Debug\link.read.1.tlog
D:\development\NovaEra\_windows\SDL_Tutorial-1\SDL_Tutorial-1\Debug\link.write.1.tlog
D:\development\NovaEra\_windows\SDL_Tutorial-1\SDL_Tutorial-1\Debug\vc110.idb
D:\development\NovaEra\_windows\SDL_Tutorial-1\SDL_Tutorial-1\Debug\vc110.pdb
D:\development\NovaEra\_windows\SDL_Tutorial-1\Debug\SDL_Tutorial-1.pdb
D:\development\NovaEra\_windows\SDL_Tutorial-1\Debug\SDL_Tutorial-1.exe
D:\development\NovaEra\_windows\SDL_Tutorial-1\Debug\SDL_Tutorial-1.ilk
