Build started 11/13/2015 7:33:39 PM.
     1>Project "D:\development\NovaEra\_windows\SDLTutorialRenderer\SDLTutorialRenderer\SDLTutorialRenderer.vcxproj" on node 2 (Build target(s)).
     1>Link:
         D:\Program Files (x86)\Microsoft Visual Studio 11.0\VC\bin\link.exe /ERRORREPORT:PROMPT /OUT:"D:\development\NovaEra\_windows\SDLTutorialRenderer\Release\SDLTutorialRenderer.exe" /NOLOGO SDL2.lib SDL2main.lib SDL2_image.lib libcurl_a.lib kernel32.lib user32.lib gdi32.lib winspool.lib comdlg32.lib advapi32.lib shell32.lib ole32.lib oleaut32.lib uuid.lib odbc32.lib odbccp32.lib kernel32.lib user32.lib gdi32.lib winspool.lib comdlg32.lib advapi32.lib shell32.lib ole32.lib oleaut32.lib uuid.lib odbc32.lib odbccp32.lib /MANIFEST /MANIFESTUAC:"level='asInvoker' uiAccess='false'" /manifest:embed /DEBUG /PDB:"D:\development\NovaEra\_windows\SDLTutorialRenderer\Release\SDLTutorialRenderer.pdb" /SUBSYSTEM:CONSOLE /OPT:REF /OPT:ICF /LTCG /TLBID:1 /DYNAMICBASE /NXCOMPAT /IMPLIB:"D:\development\NovaEra\_windows\SDLTutorialRenderer\Release\SDLTutorialRenderer.lib" /MACHINE:X86 /SAFESEH Release\Renderer.obj
         Generating code
         Finished generating code
         SDLTutorialRenderer.vcxproj -> D:\development\NovaEra\_windows\SDLTutorialRenderer\Release\SDLTutorialRenderer.exe
       PostBuildEvent:
         xcopy /d /y "D:\development\NovaEra\_windows\SDLTutorialRenderer\SDLTutorialRenderer\dlls\*.*" "D:\development\NovaEra\_windows\SDLTutorialRenderer\Release\"
         :VCEnd
         D:\development\NovaEra\_windows\SDLTutorialRenderer\SDLTutorialRenderer\dlls\foo.png
         D:\development\NovaEra\_windows\SDLTutorialRenderer\SDLTutorialRenderer\dlls\libjpeg-9.dll
         D:\development\NovaEra\_windows\SDLTutorialRenderer\SDLTutorialRenderer\dlls\libpng16-16.dll
         D:\development\NovaEra\_windows\SDLTutorialRenderer\SDLTutorialRenderer\dlls\libtiff-5.dll
         D:\development\NovaEra\_windows\SDLTutorialRenderer\SDLTutorialRenderer\dlls\libwebp-4.dll
         D:\development\NovaEra\_windows\SDLTutorialRenderer\SDLTutorialRenderer\dlls\SDL2.dll
         D:\development\NovaEra\_windows\SDLTutorialRenderer\SDLTutorialRenderer\dlls\SDL2_image.dll
         D:\development\NovaEra\_windows\SDLTutorialRenderer\SDLTutorialRenderer\dlls\zlib1.dll
         8 File(s) copied
     1>Done Building Project "D:\development\NovaEra\_windows\SDLTutorialRenderer\SDLTutorialRenderer\SDLTutorialRenderer.vcxproj" (Build target(s)).

Build succeeded.

Time Elapsed 00:00:05.92
